c:\users\tk\documents\computer vision\computervision-course-assignments\assignment2\debug\vc120.pdb
c:\users\tk\documents\computer vision\computervision-course-assignments\assignment2\debug\vc120.idb
c:\users\tk\documents\computer vision\computervision-course-assignments\assignment2\debug\arcball.obj
c:\users\tk\documents\computer vision\computervision-course-assignments\assignment2\debug\camera.obj
c:\users\tk\documents\computer vision\computervision-course-assignments\assignment2\debug\glut.obj
c:\users\tk\documents\computer vision\computervision-course-assignments\assignment2\debug\reconstructor.obj
c:\users\tk\documents\computer vision\computervision-course-assignments\assignment2\debug\scene3drenderer.obj
c:\users\tk\documents\computer vision\computervision-course-assignments\assignment2\debug\main.obj
c:\users\tk\documents\computer vision\computervision-course-assignments\assignment2\debug\euclideancolormodel.obj
c:\users\tk\documents\computer vision\computervision-course-assignments\assignment2\debug\general.obj
c:\users\tk\documents\computer vision\computervision-course-assignments\assignment2\debug\utils.obj
c:\users\tk\documents\computer vision\computervision-course-assignments\assignment2\debug\voxelreconstruction.obj
c:\users\tk\documents\computer vision\computervision-course-assignments\assignment2\debug\hsvsearch.obj
c:\users\tk\documents\computer vision\computervision-course-assignments\assignment2\debug\mixturemodelbeamsearch.obj
c:\users\tk\documents\computer vision\computervision-course-assignments\assignment2\debug\voxelreconstruction.pdb
c:\users\tk\documents\computer vision\computervision-course-assignments\assignment2\debug\voxelrec.d024333b.tlog\cl.command.1.tlog
c:\users\tk\documents\computer vision\computervision-course-assignments\assignment2\debug\voxelrec.d024333b.tlog\cl.read.1.tlog
c:\users\tk\documents\computer vision\computervision-course-assignments\assignment2\debug\voxelrec.d024333b.tlog\cl.write.1.tlog
c:\users\tk\documents\computer vision\computervision-course-assignments\assignment2\debug\voxelrec.d024333b.tlog\link-cvtres.read.1.tlog
c:\users\tk\documents\computer vision\computervision-course-assignments\assignment2\debug\voxelrec.d024333b.tlog\link-cvtres.write.1.tlog
c:\users\tk\documents\computer vision\computervision-course-assignments\assignment2\debug\voxelrec.d024333b.tlog\link-rc.read.1.tlog
c:\users\tk\documents\computer vision\computervision-course-assignments\assignment2\debug\voxelrec.d024333b.tlog\link-rc.write.1.tlog
c:\users\tk\documents\computer vision\computervision-course-assignments\assignment2\debug\voxelrec.d024333b.tlog\link.command.1.tlog
c:\users\tk\documents\computer vision\computervision-course-assignments\assignment2\debug\voxelrec.d024333b.tlog\link.read.1.tlog
c:\users\tk\documents\computer vision\computervision-course-assignments\assignment2\debug\voxelrec.d024333b.tlog\link.write.1.tlog
